###############################################################################
#
# IAR ANSI C/C++ Compiler V8.22.1.15669/W32 for ARM       08/Oct/2021  21:49:47
# Copyright 1999-2018 IAR Systems AB.
#
#    Cpu mode     =  thumb
#    Endian       =  little
#    Source file  =  C:\Users\pnu3\Desktop\JoyStick\user\main.c
#    Command line =  
#        -f C:\Users\pnu3\AppData\Local\Temp\EW1D5E.tmp
#        (C:\Users\pnu3\Desktop\JoyStick\user\main.c -D USE_STDPERIPH_DRIVER -D
#        STM32F10X_CL -lC C:\Users\pnu3\Desktop\JoyStick\Debug\List -o
#        C:\Users\pnu3\Desktop\JoyStick\Debug\Obj --no_cse --no_unroll
#        --no_inline --no_code_motion --no_tbaa --no_clustering --no_scheduling
#        --debug --endian=little --cpu=Cortex-M3 -e --fpu=None --dlib_config
#        "C:\Program Files (x86)\IAR Systems\Embedded Workbench
#        8.0\arm\INC\c\DLib_Config_Normal.h" -I
#        C:\Users\pnu3\Desktop\JoyStick\Libraries\CMSIS\DeviceSupport\ -I
#        C:\Users\pnu3\Desktop\JoyStick\Libraries\CMSIS\DeviceSupport\Startup\
#        -I
#        C:\Users\pnu3\Desktop\JoyStick\Libraries\STM32F10x_StdPeriph_Driver_v3.5\inc\
#        -I
#        C:\Users\pnu3\Desktop\JoyStick\Libraries\STM32F10x_StdPeriph_Driver_v3.5\src\
#        -I C:\Users\pnu3\Desktop\JoyStick\user\inc\ -I
#        C:\Users\pnu3\Desktop\JoyStick\user\ -Ol -I "C:\Program Files
#        (x86)\IAR Systems\Embedded Workbench 8.0\arm\CMSIS\Core\Include\" -I
#        "C:\Program Files (x86)\IAR Systems\Embedded Workbench
#        8.0\arm\CMSIS\DSP\Include\")
#    Locale       =  C
#    List file    =  C:\Users\pnu3\Desktop\JoyStick\Debug\List\main.lst
#    Object file  =  C:\Users\pnu3\Desktop\JoyStick\Debug\Obj\main.o
#
###############################################################################

C:\Users\pnu3\Desktop\JoyStick\user\main.c
      1          #include "stm32f10x.h"
      2          #define  RCC_APB2ENR    (*(volatile unsigned int*)0x40021018) 
      3          #define  GPIOA_CRL     (*(volatile unsigned int*)0x40010800)
      4          #define  GPIOB_CRL     (*(volatile unsigned int*)0x40010C00)
      5          #define  GPIOB_ODR    (*(volatile unsigned int*)(0x40010C00 + 0x0C))
      6          #define  GPIOC_CRL     (*(volatile unsigned int*)0x40011000)
      7          #define  GPIOC_ODR    (*(volatile unsigned int*)(0x40011000 + 0x0C))
      8          #define  GPIOD_CRL     (*(volatile unsigned int*)0x40011400)
      9          #define  GPIOD_BSRR    (*(volatile unsigned int*)(0x40011400 + 0x10))
     10          
     11          

   \                                 In section .text, align 2, keep-with-next
     12          void SysInit(void) {
     13              /* Set HSION bit */
     14              /* Internal Clock Enable */
     15              RCC->CR |= (uint32_t)0x00000001; //HSION
   \                     SysInit: (+1)
   \   00000000   0x....             LDR.N    R0,??DataTable7  ;; 0x40021000
   \   00000002   0x6800             LDR      R0,[R0, #+0]
   \   00000004   0xF050 0x0001      ORRS     R0,R0,#0x1
   \   00000008   0x....             LDR.N    R1,??DataTable7  ;; 0x40021000
   \   0000000A   0x6008             STR      R0,[R1, #+0]
     16          
     17              /* Reset SW, HPRE, PPRE1, PPRE2, ADCPRE and MCO bits */
     18              RCC->CFGR &= (uint32_t)0xF0FF0000;
   \   0000000C   0x....             LDR.N    R0,??DataTable7_1  ;; 0x40021004
   \   0000000E   0x6801             LDR      R1,[R0, #+0]
   \   00000010   0x....             LDR.N    R0,??DataTable7_2  ;; 0xf0ff0000
   \   00000012   0x4001             ANDS     R1,R0,R1
   \   00000014   0x....             LDR.N    R0,??DataTable7_1  ;; 0x40021004
   \   00000016   0x6001             STR      R1,[R0, #+0]
     19          
     20              /* Reset HSEON, CSSON and PLLON bits */
     21              RCC->CR &= (uint32_t)0xFEF6FFFF;
   \   00000018   0x....             LDR.N    R0,??DataTable7  ;; 0x40021000
   \   0000001A   0x6801             LDR      R1,[R0, #+0]
   \   0000001C   0x....             LDR.N    R0,??DataTable7_3  ;; 0xfef6ffff
   \   0000001E   0x4001             ANDS     R1,R0,R1
   \   00000020   0x....             LDR.N    R0,??DataTable7  ;; 0x40021000
   \   00000022   0x6001             STR      R1,[R0, #+0]
     22          
     23              /* Reset HSEBYP bit */
     24              RCC->CR &= (uint32_t)0xFFFBFFFF;
   \   00000024   0x....             LDR.N    R0,??DataTable7  ;; 0x40021000
   \   00000026   0x6800             LDR      R0,[R0, #+0]
   \   00000028   0xF430 0x2080      BICS     R0,R0,#0x40000
   \   0000002C   0x....             LDR.N    R1,??DataTable7  ;; 0x40021000
   \   0000002E   0x6008             STR      R0,[R1, #+0]
     25          
     26              /* Reset PLLSRC, PLLXTPRE, PLLMUL and USBPRE/OTGFSPRE bits */
     27              RCC->CFGR &= (uint32_t)0xFF80FFFF;
   \   00000030   0x....             LDR.N    R0,??DataTable7_1  ;; 0x40021004
   \   00000032   0x6800             LDR      R0,[R0, #+0]
   \   00000034   0xF430 0x00FE      BICS     R0,R0,#0x7F0000
   \   00000038   0x....             LDR.N    R1,??DataTable7_1  ;; 0x40021004
   \   0000003A   0x6008             STR      R0,[R1, #+0]
     28          
     29              /* Reset PLL2ON and PLL3ON bits */
     30              RCC->CR &= (uint32_t)0xEBFFFFFF;
   \   0000003C   0x....             LDR.N    R0,??DataTable7  ;; 0x40021000
   \   0000003E   0x6800             LDR      R0,[R0, #+0]
   \   00000040   0xF030 0x50A0      BICS     R0,R0,#0x14000000
   \   00000044   0x....             LDR.N    R1,??DataTable7  ;; 0x40021000
   \   00000046   0x6008             STR      R0,[R1, #+0]
     31          
     32              /* Disable all interrupts and clear pending bits  */
     33              RCC->CIR = 0x00FF0000;
   \   00000048   0xF45F 0x007F      MOVS     R0,#+16711680
   \   0000004C   0x....             LDR.N    R1,??DataTable7_4  ;; 0x40021008
   \   0000004E   0x6008             STR      R0,[R1, #+0]
     34          
     35              /* Reset CFGR2 register */
     36              RCC->CFGR2 = 0x00000000;
   \   00000050   0x2000             MOVS     R0,#+0
   \   00000052   0x....             LDR.N    R1,??DataTable7_5  ;; 0x4002102c
   \   00000054   0x6008             STR      R0,[R1, #+0]
     37          }
   \   00000056   0x4770             BX       LR               ;; return
     38          

   \                                 In section .text, align 2, keep-with-next
     39          void SetSysClock(void) {
   \                     SetSysClock: (+1)
   \   00000000   0xB082             SUB      SP,SP,#+8
     40              volatile uint32_t StartUpCounter = 0, HSEStatus = 0;
   \   00000002   0x2000             MOVS     R0,#+0
   \   00000004   0x9001             STR      R0,[SP, #+4]
   \   00000006   0x2000             MOVS     R0,#+0
   \   00000008   0x9000             STR      R0,[SP, #+0]
     41              /* SYSCLK, HCLK, PCLK2 and PCLK1 configuration ---------------------------*/
     42              /* Enable HSE */
     43              RCC->CR |= ((uint32_t)RCC_CR_HSEON);
   \   0000000A   0x....             LDR.N    R0,??DataTable7  ;; 0x40021000
   \   0000000C   0x6800             LDR      R0,[R0, #+0]
   \   0000000E   0xF450 0x3080      ORRS     R0,R0,#0x10000
   \   00000012   0x....             LDR.N    R1,??DataTable7  ;; 0x40021000
   \   00000014   0x6008             STR      R0,[R1, #+0]
     44              /* Wait till HSE is ready and if Time out is reached exit */
     45              do {
     46                  HSEStatus = RCC->CR & RCC_CR_HSERDY;
   \                     ??SetSysClock_0: (+1)
   \   00000016   0x....             LDR.N    R0,??DataTable7  ;; 0x40021000
   \   00000018   0x6800             LDR      R0,[R0, #+0]
   \   0000001A   0xF410 0x3000      ANDS     R0,R0,#0x20000
   \   0000001E   0x9000             STR      R0,[SP, #+0]
     47                  StartUpCounter++;
   \   00000020   0x9801             LDR      R0,[SP, #+4]
   \   00000022   0x1C40             ADDS     R0,R0,#+1
   \   00000024   0x9001             STR      R0,[SP, #+4]
     48              } while ((HSEStatus == 0) && (StartUpCounter != HSE_STARTUP_TIMEOUT));
   \   00000026   0x9800             LDR      R0,[SP, #+0]
   \   00000028   0x2800             CMP      R0,#+0
   \   0000002A   0xD103             BNE.N    ??SetSysClock_1
   \   0000002C   0x9801             LDR      R0,[SP, #+4]
   \   0000002E   0xF5B0 0x6FA0      CMP      R0,#+1280
   \   00000032   0xD1F0             BNE.N    ??SetSysClock_0
     49          
     50              if ((RCC->CR & RCC_CR_HSERDY) != RESET) {
   \                     ??SetSysClock_1: (+1)
   \   00000034   0x....             LDR.N    R0,??DataTable7  ;; 0x40021000
   \   00000036   0x6800             LDR      R0,[R0, #+0]
   \   00000038   0x0380             LSLS     R0,R0,#+14
   \   0000003A   0xD502             BPL.N    ??SetSysClock_2
     51                  HSEStatus = (uint32_t)0x01;
   \   0000003C   0x2001             MOVS     R0,#+1
   \   0000003E   0x9000             STR      R0,[SP, #+0]
   \   00000040   0xE001             B.N      ??SetSysClock_3
     52              }
     53              else {
     54                  HSEStatus = (uint32_t)0x00;
   \                     ??SetSysClock_2: (+1)
   \   00000042   0x2000             MOVS     R0,#+0
   \   00000044   0x9000             STR      R0,[SP, #+0]
     55              }
     56          
     57              if (HSEStatus == (uint32_t)0x01) {
   \                     ??SetSysClock_3: (+1)
   \   00000046   0x9800             LDR      R0,[SP, #+0]
   \   00000048   0x2801             CMP      R0,#+1
   \   0000004A   0xD169             BNE.N    ??SetSysClock_4
     58                  /* Enable Prefetch Buffer */
     59                  FLASH->ACR |= FLASH_ACR_PRFTBE;
   \   0000004C   0x....             LDR.N    R0,??DataTable7_6  ;; 0x40022000
   \   0000004E   0x6800             LDR      R0,[R0, #+0]
   \   00000050   0xF050 0x0010      ORRS     R0,R0,#0x10
   \   00000054   0x....             LDR.N    R1,??DataTable7_6  ;; 0x40022000
   \   00000056   0x6008             STR      R0,[R1, #+0]
     60                  /* Flash 0 wait state */
     61                  FLASH->ACR &= (uint32_t)((uint32_t)~FLASH_ACR_LATENCY);
   \   00000058   0x....             LDR.N    R0,??DataTable7_6  ;; 0x40022000
   \   0000005A   0x6800             LDR      R0,[R0, #+0]
   \   0000005C   0x0880             LSRS     R0,R0,#+2
   \   0000005E   0x0080             LSLS     R0,R0,#+2
   \   00000060   0x....             LDR.N    R1,??DataTable7_6  ;; 0x40022000
   \   00000062   0x6008             STR      R0,[R1, #+0]
     62                  FLASH->ACR |= (uint32_t)FLASH_ACR_LATENCY_0;
   \   00000064   0x....             LDR.N    R0,??DataTable7_6  ;; 0x40022000
   \   00000066   0x6800             LDR      R0,[R0, #+0]
   \   00000068   0x....             LDR.N    R1,??DataTable7_6  ;; 0x40022000
   \   0000006A   0x6008             STR      R0,[R1, #+0]
     63          
     64          //@TODO - 1 Set the clock, (//) ??? ??ø? ????? ??? ???? ???? ????? ?? ?????? ??????y? 
     65                  /* HCLK = SYSCLK */
     66                  RCC->CFGR |= (uint32_t)RCC_CFGR_HPRE_DIV1;
   \   0000006C   0x....             LDR.N    R0,??DataTable7_1  ;; 0x40021004
   \   0000006E   0x6800             LDR      R0,[R0, #+0]
   \   00000070   0x....             LDR.N    R1,??DataTable7_1  ;; 0x40021004
   \   00000072   0x6008             STR      R0,[R1, #+0]
     67                  /* PCLK2 = HCLK / 2, use PPRE2 */
     68                  RCC->CFGR |= (uint32_t)RCC_CFGR_PPRE2_DIV2; // @@
   \   00000074   0x....             LDR.N    R0,??DataTable7_1  ;; 0x40021004
   \   00000076   0x6800             LDR      R0,[R0, #+0]
   \   00000078   0xF450 0x5000      ORRS     R0,R0,#0x2000
   \   0000007C   0x....             LDR.N    R1,??DataTable7_1  ;; 0x40021004
   \   0000007E   0x6008             STR      R0,[R1, #+0]
     69                  /* PCLK1 = HCLK */
     70                  RCC->CFGR |= (uint32_t)RCC_CFGR_PPRE1_DIV1;
   \   00000080   0x....             LDR.N    R0,??DataTable7_1  ;; 0x40021004
   \   00000082   0x6800             LDR      R0,[R0, #+0]
   \   00000084   0x....             LDR.N    R1,??DataTable7_1  ;; 0x40021004
   \   00000086   0x6008             STR      R0,[R1, #+0]
     71          
     72                  /* Configure PLLs ------------------------------------------------------*/
     73                  RCC->CFGR &= (uint32_t)~(RCC_CFGR_PLLSRC | RCC_CFGR_PLLMULL);
   \   00000088   0x....             LDR.N    R0,??DataTable7_1  ;; 0x40021004
   \   0000008A   0x6800             LDR      R0,[R0, #+0]
   \   0000008C   0xF430 0x1074      BICS     R0,R0,#0x3D0000
   \   00000090   0x....             LDR.N    R1,??DataTable7_1  ;; 0x40021004
   \   00000092   0x6008             STR      R0,[R1, #+0]
     74                  RCC->CFGR |= (uint32_t)(RCC_CFGR_PLLSRC_PREDIV1 | RCC_CFGR_PLLMULL4); // @@
   \   00000094   0x....             LDR.N    R0,??DataTable7_1  ;; 0x40021004
   \   00000096   0x6800             LDR      R0,[R0, #+0]
   \   00000098   0xF450 0x2010      ORRS     R0,R0,#0x90000
   \   0000009C   0x....             LDR.N    R1,??DataTable7_1  ;; 0x40021004
   \   0000009E   0x6008             STR      R0,[R1, #+0]
     75          
     76                  RCC->CFGR2 &= (uint32_t)~(RCC_CFGR2_PREDIV2 | RCC_CFGR2_PLL2MUL | RCC_CFGR2_PREDIV1 | RCC_CFGR2_PREDIV1SRC);
   \   000000A0   0x....             LDR.N    R0,??DataTable7_5  ;; 0x4002102c
   \   000000A2   0x6801             LDR      R1,[R0, #+0]
   \   000000A4   0x....             LDR.N    R0,??DataTable7_7  ;; 0xfffef000
   \   000000A6   0x4001             ANDS     R1,R0,R1
   \   000000A8   0x....             LDR.N    R0,??DataTable7_5  ;; 0x4002102c
   \   000000AA   0x6001             STR      R1,[R0, #+0]
     77                  RCC->CFGR2 |= (uint32_t)(RCC_CFGR2_PREDIV2_DIV5 | RCC_CFGR2_PLL2MUL8 | RCC_CFGR2_PREDIV1SRC_PLL2 | RCC_CFGR2_PREDIV1_DIV5); // @@
   \   000000AC   0x....             LDR.N    R0,??DataTable7_5  ;; 0x4002102c
   \   000000AE   0x6800             LDR      R0,[R0, #+0]
   \   000000B0   0xF440 0x3083      ORR      R0,R0,#0x10600
   \   000000B4   0xF050 0x0044      ORRS     R0,R0,#0x44
   \   000000B8   0x....             LDR.N    R1,??DataTable7_5  ;; 0x4002102c
   \   000000BA   0x6008             STR      R0,[R1, #+0]
     78          //@End of TODO - 1
     79          
     80                  /* Enable PLL2 */
     81                  RCC->CR |= RCC_CR_PLL2ON;
   \   000000BC   0x....             LDR.N    R0,??DataTable7  ;; 0x40021000
   \   000000BE   0x6800             LDR      R0,[R0, #+0]
   \   000000C0   0xF050 0x6080      ORRS     R0,R0,#0x4000000
   \   000000C4   0x....             LDR.N    R1,??DataTable7  ;; 0x40021000
   \   000000C6   0x6008             STR      R0,[R1, #+0]
     82                  /* Wait till PLL2 is ready */
     83                  while ((RCC->CR & RCC_CR_PLL2RDY) == 0)
   \                     ??SetSysClock_5: (+1)
   \   000000C8   0x....             LDR.N    R0,??DataTable7  ;; 0x40021000
   \   000000CA   0x6800             LDR      R0,[R0, #+0]
   \   000000CC   0x0100             LSLS     R0,R0,#+4
   \   000000CE   0xD5FB             BPL.N    ??SetSysClock_5
     84                  {
     85                  }
     86                  /* Enable PLL */
     87                  RCC->CR |= RCC_CR_PLLON;
   \   000000D0   0x....             LDR.N    R0,??DataTable7  ;; 0x40021000
   \   000000D2   0x6800             LDR      R0,[R0, #+0]
   \   000000D4   0xF050 0x7080      ORRS     R0,R0,#0x1000000
   \   000000D8   0x....             LDR.N    R1,??DataTable7  ;; 0x40021000
   \   000000DA   0x6008             STR      R0,[R1, #+0]
     88                  /* Wait till PLL is ready */
     89                  while ((RCC->CR & RCC_CR_PLLRDY) == 0)
   \                     ??SetSysClock_6: (+1)
   \   000000DC   0x....             LDR.N    R0,??DataTable7  ;; 0x40021000
   \   000000DE   0x6800             LDR      R0,[R0, #+0]
   \   000000E0   0x0180             LSLS     R0,R0,#+6
   \   000000E2   0xD5FB             BPL.N    ??SetSysClock_6
     90                  {
     91                  }
     92                  /* Select PLL as system clock source */
     93                  RCC->CFGR &= (uint32_t)((uint32_t)~(RCC_CFGR_SW));
   \   000000E4   0x....             LDR.N    R0,??DataTable7_1  ;; 0x40021004
   \   000000E6   0x6800             LDR      R0,[R0, #+0]
   \   000000E8   0x0880             LSRS     R0,R0,#+2
   \   000000EA   0x0080             LSLS     R0,R0,#+2
   \   000000EC   0x....             LDR.N    R1,??DataTable7_1  ;; 0x40021004
   \   000000EE   0x6008             STR      R0,[R1, #+0]
     94                  RCC->CFGR |= (uint32_t)RCC_CFGR_SW_PLL;
   \   000000F0   0x....             LDR.N    R0,??DataTable7_1  ;; 0x40021004
   \   000000F2   0x6800             LDR      R0,[R0, #+0]
   \   000000F4   0xF050 0x0002      ORRS     R0,R0,#0x2
   \   000000F8   0x....             LDR.N    R1,??DataTable7_1  ;; 0x40021004
   \   000000FA   0x6008             STR      R0,[R1, #+0]
     95                  /* Wait till PLL is used as system clock source */
     96                  while ((RCC->CFGR & (uint32_t)RCC_CFGR_SWS) != (uint32_t)0x08)
   \                     ??SetSysClock_7: (+1)
   \   000000FC   0x....             LDR.N    R0,??DataTable7_1  ;; 0x40021004
   \   000000FE   0x6800             LDR      R0,[R0, #+0]
   \   00000100   0xF010 0x000C      ANDS     R0,R0,#0xC
   \   00000104   0x2808             CMP      R0,#+8
   \   00000106   0xD1F9             BNE.N    ??SetSysClock_7
     97                  {
     98                  }
     99                  /* Select System Clock as output of MCO */
    100          //@TODO - 2 Set the MCO port for system clock output
    101                  RCC->CFGR &= ~(uint32_t)RCC_CFGR_MCO;
   \   00000108   0x....             LDR.N    R0,??DataTable7_1  ;; 0x40021004
   \   0000010A   0x6800             LDR      R0,[R0, #+0]
   \   0000010C   0xF030 0x6070      BICS     R0,R0,#0xF000000
   \   00000110   0x....             LDR.N    R1,??DataTable7_1  ;; 0x40021004
   \   00000112   0x6008             STR      R0,[R1, #+0]
    102                  RCC->CFGR |= (uint32_t)RCC_CFGR_MCO_SYSCLK; // @@
   \   00000114   0x....             LDR.N    R0,??DataTable7_1  ;; 0x40021004
   \   00000116   0x6800             LDR      R0,[R0, #+0]
   \   00000118   0xF050 0x6080      ORRS     R0,R0,#0x4000000
   \   0000011C   0x....             LDR.N    R1,??DataTable7_1  ;; 0x40021004
   \   0000011E   0x6008             STR      R0,[R1, #+0]
    103          //@End of TODO - 2
    104              }
    105              else {
    106                  /* If HSE fails to start-up, the application will have wrong clock
    107                  configuration. User can add here some code to deal with this error */
    108              }
    109          }
   \                     ??SetSysClock_4: (+1)
   \   00000120   0xB002             ADD      SP,SP,#+8
   \   00000122   0x4770             BX       LR               ;; return
    110          

   \                                 In section .text, align 2, keep-with-next
    111          void RCC_Enable(void) {
    112          //@TODO - 3 RCC Setting
    113              /*---------------------------- RCC Configuration -----------------------------*/
    114              /* GPIO RCC Enable  */
    115              /* UART Tx, Rx, MCO port */
    116               RCC->APB2ENR |= RCC_APB2ENR_IOPAEN; // @@
   \                     RCC_Enable: (+1)
   \   00000000   0x....             LDR.N    R0,??DataTable7_8  ;; 0x40021018
   \   00000002   0x6800             LDR      R0,[R0, #+0]
   \   00000004   0xF050 0x0004      ORRS     R0,R0,#0x4
   \   00000008   0x....             LDR.N    R1,??DataTable7_8  ;; 0x40021018
   \   0000000A   0x6008             STR      R0,[R1, #+0]
    117              /* USART RCC Enable */
    118              // RCC->APB2ENR |= ??
    119          	/* User S1 Button RCC Enable */
    120          	// RCC->APB2ENR |= ??
    121          }
   \   0000000C   0x4770             BX       LR               ;; return
    122          

   \                                 In section .text, align 2, keep-with-next
    123          void PortConfiguration(void) {
    124          //@TODO - 4 GPIO Configuration
    125              /* Reset(Clear) Port A CRH - MCO, USART1 TX,RX*/
    126              GPIOA->CRH &= ~(
    127          	    (GPIO_CRH_CNF8 | GPIO_CRH_MODE8) |
    128          	    (GPIO_CRH_CNF9 | GPIO_CRH_MODE9) |
    129          	    (GPIO_CRH_CNF10 | GPIO_CRH_MODE10)
    130          	);
   \                     PortConfiguration: (+1)
   \   00000000   0x....             LDR.N    R0,??DataTable7_9  ;; 0x40010804
   \   00000002   0x6800             LDR      R0,[R0, #+0]
   \   00000004   0x0B00             LSRS     R0,R0,#+12
   \   00000006   0x0300             LSLS     R0,R0,#+12
   \   00000008   0x....             LDR.N    R1,??DataTable7_9  ;; 0x40010804
   \   0000000A   0x6008             STR      R0,[R1, #+0]
    131              /* MCO Pin Configuration */
    132               GPIOA->CRH |= (GPIO_CRH_MODE8 | GPIO_CRH_CNF8_1); // @@
   \   0000000C   0x....             LDR.N    R0,??DataTable7_9  ;; 0x40010804
   \   0000000E   0x6800             LDR      R0,[R0, #+0]
   \   00000010   0xF050 0x000B      ORRS     R0,R0,#0xB
   \   00000014   0x....             LDR.N    R1,??DataTable7_9  ;; 0x40010804
   \   00000016   0x6008             STR      R0,[R1, #+0]
    133              /* USART Pin Configuration */
    134              // GPIOA->CRH |= ??
    135              
    136              /* Reset(Clear) Port D CRH - User S1 Button */
    137              // GPIOD->CRH &= ??
    138              /* User S1 Button Configuration */
    139              // GPIOD->CRH |= ??
    140          }
   \   00000018   0x4770             BX       LR               ;; return
    141          

   \                                 In section .text, align 2, keep-with-next
    142          void UartInit(void) {
    143              /*---------------------------- USART CR1 Configuration -----------------------*/
    144              /* Clear M, PCE, PS, TE and RE bits */
    145              USART1->CR1 &= ~(uint32_t)(USART_CR1_M | USART_CR1_PCE | USART_CR1_PS | USART_CR1_TE | USART_CR1_RE);
   \                     UartInit: (+1)
   \   00000000   0x....             LDR.N    R0,??DataTable7_10  ;; 0x4001380c
   \   00000002   0x8801             LDRH     R1,[R0, #+0]
   \   00000004   0xF64E 0x10F3      MOVW     R0,#+59891
   \   00000008   0x4001             ANDS     R1,R0,R1
   \   0000000A   0x....             LDR.N    R0,??DataTable7_10  ;; 0x4001380c
   \   0000000C   0x8001             STRH     R1,[R0, #+0]
    146              /* Configure the USART Word Length, Parity and mode ----------------------- */
    147              /* Set the M bits according to USART_WordLength value */
    148          //@TODO - 6: WordLength : 8bit
    149              
    150              /* Set PCE and PS bits according to USART_Parity value */
    151          //@TODO - 7: Parity : None
    152              
    153              /* Set TE and RE bits according to USART_Mode value */
    154          //@TODO - 8: Enable Tx and Rx
    155              // USART1->CR1 |= ??
    156          
    157              /*---------------------------- USART CR2 Configuration -----------------------*/
    158              /* Clear STOP[13:12] bits */
    159              USART1->CR2 &= ~(uint32_t)(USART_CR2_STOP);
   \   0000000E   0x....             LDR.N    R0,??DataTable7_11  ;; 0x40013810
   \   00000010   0x8801             LDRH     R1,[R0, #+0]
   \   00000012   0xF64C 0x70FF      MOVW     R0,#+53247
   \   00000016   0x4001             ANDS     R1,R0,R1
   \   00000018   0x....             LDR.N    R0,??DataTable7_11  ;; 0x40013810
   \   0000001A   0x8001             STRH     R1,[R0, #+0]
    160              /* Configure the USART Stop Bits, Clock, CPOL, CPHA and LastBit ------------*/
    161              USART1->CR2 &= ~(uint32_t)(USART_CR2_CPHA | USART_CR2_CPOL | USART_CR2_CLKEN);
   \   0000001C   0x....             LDR.N    R0,??DataTable7_11  ;; 0x40013810
   \   0000001E   0x8801             LDRH     R1,[R0, #+0]
   \   00000020   0xF24F 0x10FF      MOVW     R0,#+61951
   \   00000024   0x4001             ANDS     R1,R0,R1
   \   00000026   0x....             LDR.N    R0,??DataTable7_11  ;; 0x40013810
   \   00000028   0x8001             STRH     R1,[R0, #+0]
    162              /* Set STOP[13:12] bits according to USART_StopBits value */
    163          //@TODO - 9: Stop bit : 1bit
    164              
    165          
    166              /*---------------------------- USART CR3 Configuration -----------------------*/
    167              /* Clear CTSE and RTSE bits */
    168              USART1->CR3 &= ~(uint32_t)(USART_CR3_CTSE | USART_CR3_RTSE);
   \   0000002A   0x....             LDR.N    R0,??DataTable7_12  ;; 0x40013814
   \   0000002C   0x8801             LDRH     R1,[R0, #+0]
   \   0000002E   0xF64F 0x40FF      MOVW     R0,#+64767
   \   00000032   0x4001             ANDS     R1,R0,R1
   \   00000034   0x....             LDR.N    R0,??DataTable7_12  ;; 0x40013814
   \   00000036   0x8001             STRH     R1,[R0, #+0]
    169              /* Configure the USART HFC -------------------------------------------------*/
    170              /* Set CTSE and RTSE bits according to USART_HardwareFlowControl value */
    171          //@TODO - 10: CTS, RTS : disable
    172          
    173          
    174              /*---------------------------- USART BRR Configuration -----------------------*/
    175              /* Configure the USART Baud Rate -------------------------------------------*/
    176              /* Determine the integer part */
    177              /* Determine the fractional part */
    178          //@TODO - 11: Calculate & configure BRR
    179              // USART1->BRR |= ??
    180          
    181              /*---------------------------- USART Enable ----------------------------------*/
    182              /* USART Enable Configuration */
    183          //@TODO - 12: Enable UART (UE)
    184              // USART1->CR1 |= ??
    185          }
   \   00000038   0x4770             BX       LR               ;; return
    186          

   \                                 In section .text, align 2, keep-with-next
    187          void delay(void){
    188              int i = 0;
   \                     delay: (+1)
   \   00000000   0x2000             MOVS     R0,#+0
    189              for(i=0;i<1000000;i++);
   \   00000002   0x2000             MOVS     R0,#+0
   \   00000004   0xE000             B.N      ??delay_0
   \                     ??delay_1: (+1)
   \   00000006   0x1C40             ADDS     R0,R0,#+1
   \                     ??delay_0: (+1)
   \   00000008   0x....             LDR.N    R1,??DataTable7_13  ;; 0xf4240
   \   0000000A   0x4288             CMP      R0,R1
   \   0000000C   0xDBFB             BLT.N    ??delay_1
    190          }
   \   0000000E   0x4770             BX       LR               ;; return
    191          

   \                                 In section .text, align 2, keep-with-next
    192          void SendData(uint16_t data) {
    193              /* Transmit Data */
    194          	USART1->DR = data;
   \                     SendData: (+1)
   \   00000000   0x....             LDR.N    R1,??DataTable7_14  ;; 0x40013804
   \   00000002   0x8008             STRH     R0,[R1, #+0]
    195          
    196          	/* Wait till TC is set */
    197          	while ((USART1->SR & USART_SR_TC) == 0);
   \                     ??SendData_0: (+1)
   \   00000004   0x....             LDR.N    R0,??DataTable7_15  ;; 0x40013800
   \   00000006   0x8800             LDRH     R0,[R0, #+0]
   \   00000008   0x0640             LSLS     R0,R0,#+25
   \   0000000A   0xD5FB             BPL.N    ??SendData_0
    198          }
   \   0000000C   0x4770             BX       LR               ;; return
    199          
    200          

   \                                 In section .text, align 2, keep-with-next
    201          int main() {
   \                     main: (+1)
   \   00000000   0xB5F8             PUSH     {R3-R7,LR}
    202              int i;
                         ^
Warning[Pe177]: variable "i" was declared but never referenced
    203              char msg[] = "Hello Team00\r\n";
                          ^
Warning[Pe177]: variable "msg" was declared but never referenced
   \   00000002   0x4668             MOV      R0,SP
   \   00000004   0x....             LDR.N    R1,??DataTable7_16
   \   00000006   0x2210             MOVS     R2,#+16
   \   00000008   0x.... 0x....      BL       __aeabi_memcpy4
    204          	
    205              SysInit();
   \   0000000C   0x.... 0x....      BL       SysInit
    206              SetSysClock();
   \   00000010   0x.... 0x....      BL       SetSysClock
    207              RCC_Enable();
   \   00000014   0x.... 0x....      BL       RCC_Enable
    208              PortConfiguration();
   \   00000018   0x.... 0x....      BL       PortConfiguration
    209              UartInit();
   \   0000001C   0x.... 0x....      BL       UartInit
    210              
    211              // if you need, init pin values here
    212              
    213              
    214              while (1) {
   \                     ??main_0: (+1)
   \   00000020   0xE7FE             B.N      ??main_0
    215          		//@TODO - 13: Send the message when button is pressed
    216          		
    217          	}
    218          
    219          }// end main

   \                                 In section .text, align 4, keep-with-next
   \                     ??DataTable7:
   \   00000000   0x40021000         DC32     0x40021000

   \                                 In section .text, align 4, keep-with-next
   \                     ??DataTable7_1:
   \   00000000   0x40021004         DC32     0x40021004

   \                                 In section .text, align 4, keep-with-next
   \                     ??DataTable7_2:
   \   00000000   0xF0FF0000         DC32     0xf0ff0000

   \                                 In section .text, align 4, keep-with-next
   \                     ??DataTable7_3:
   \   00000000   0xFEF6FFFF         DC32     0xfef6ffff

   \                                 In section .text, align 4, keep-with-next
   \                     ??DataTable7_4:
   \   00000000   0x40021008         DC32     0x40021008

   \                                 In section .text, align 4, keep-with-next
   \                     ??DataTable7_5:
   \   00000000   0x4002102C         DC32     0x4002102c

   \                                 In section .text, align 4, keep-with-next
   \                     ??DataTable7_6:
   \   00000000   0x40022000         DC32     0x40022000

   \                                 In section .text, align 4, keep-with-next
   \                     ??DataTable7_7:
   \   00000000   0xFFFEF000         DC32     0xfffef000

   \                                 In section .text, align 4, keep-with-next
   \                     ??DataTable7_8:
   \   00000000   0x40021018         DC32     0x40021018

   \                                 In section .text, align 4, keep-with-next
   \                     ??DataTable7_9:
   \   00000000   0x40010804         DC32     0x40010804

   \                                 In section .text, align 4, keep-with-next
   \                     ??DataTable7_10:
   \   00000000   0x4001380C         DC32     0x4001380c

   \                                 In section .text, align 4, keep-with-next
   \                     ??DataTable7_11:
   \   00000000   0x40013810         DC32     0x40013810

   \                                 In section .text, align 4, keep-with-next
   \                     ??DataTable7_12:
   \   00000000   0x40013814         DC32     0x40013814

   \                                 In section .text, align 4, keep-with-next
   \                     ??DataTable7_13:
   \   00000000   0x000F4240         DC32     0xf4240

   \                                 In section .text, align 4, keep-with-next
   \                     ??DataTable7_14:
   \   00000000   0x40013804         DC32     0x40013804

   \                                 In section .text, align 4, keep-with-next
   \                     ??DataTable7_15:
   \   00000000   0x40013800         DC32     0x40013800

   \                                 In section .text, align 4, keep-with-next
   \                     ??DataTable7_16:
   \   00000000   0x........         DC32     ?_0

   \                                 In section .rodata, align 4
   \                     ?_0:
   \   00000000   0x48 0x65          DC8 "Hello Team00\015\012"
   \              0x6C 0x6C    
   \              0x6F 0x20    
   \              0x54 0x65    
   \              0x61 0x6D    
   \              0x30 0x30    
   \              0x0D 0x0A    
   \              0x00         
   \   0000000F   0x00               DC8 0
    220          
    221          

   Maximum stack usage in bytes:

   .cstack Function
   ------- --------
       0   PortConfiguration
       0   RCC_Enable
       0   SendData
       8   SetSysClock
       0   SysInit
       0   UartInit
       0   delay
      24   main
        24   -> PortConfiguration
        24   -> RCC_Enable
        24   -> SetSysClock
        24   -> SysInit
        24   -> UartInit
        24   -> __aeabi_memcpy4


   Section sizes:

   Bytes  Function/Label
   -----  --------------
       4  ??DataTable7
       4  ??DataTable7_1
       4  ??DataTable7_10
       4  ??DataTable7_11
       4  ??DataTable7_12
       4  ??DataTable7_13
       4  ??DataTable7_14
       4  ??DataTable7_15
       4  ??DataTable7_16
       4  ??DataTable7_2
       4  ??DataTable7_3
       4  ??DataTable7_4
       4  ??DataTable7_5
       4  ??DataTable7_6
       4  ??DataTable7_7
       4  ??DataTable7_8
       4  ??DataTable7_9
      16  ?_0
      26  PortConfiguration
      14  RCC_Enable
      14  SendData
     292  SetSysClock
      88  SysInit
      58  UartInit
      16  delay
      34  main

 
  16 bytes in section .rodata
 610 bytes in section .text
 
 610 bytes of CODE  memory
  16 bytes of CONST memory

Errors: none
Warnings: 2
